<?xml version="1.0" encoding="UTF-8"?>
<testng-results ignored="0" total="1" passed="1" failed="0" skipped="0">
  <reporter-output>
  </reporter-output>
  <suite started-at="2020-09-12T13:52:38Z" name="Default suite" finished-at="2020-09-12T13:52:38Z" duration-ms="55">
    <groups>
    </groups>
    <test started-at="2020-09-12T13:52:38Z" name="Default test" finished-at="2020-09-12T13:52:38Z" duration-ms="55">
      <class name="COOLFABI.SELENIUM.AppTest">
        <test-method signature="shouldAnswerWithTrue()[pri:0, instance:COOLFABI.SELENIUM.AppTest@290222c1]" started-at="2020-09-12T08:52:38Z" name="shouldAnswerWithTrue" finished-at="2020-09-12T08:52:38Z" duration-ms="21" status="PASS">
          <reporter-output>
          </reporter-output>
        </test-method> <!-- shouldAnswerWithTrue -->
      </class> <!-- COOLFABI.SELENIUM.AppTest -->
    </test> <!-- Default test -->
  </suite> <!-- Default suite -->
</testng-results>
